[debug] [2024-11-28T15:02:31.473Z] ----------------------------------------------------------------------
[debug] [2024-11-28T15:02:31.476Z] Command:       C:\Program Files\nodejs\node.exe C:\Users\Thierry\AppData\Roaming\npm\node_modules\firebase-tools\lib\bin\firebase.js init hosting
[debug] [2024-11-28T15:02:31.477Z] CLI Version:   13.27.0
[debug] [2024-11-28T15:02:31.477Z] Platform:      win32
[debug] [2024-11-28T15:02:31.477Z] Node Version:  v20.18.0
[debug] [2024-11-28T15:02:31.477Z] Time:          Thu Nov 28 2024 12:02:31 GMT-0300 (Horário Padrão de Brasília)
[debug] [2024-11-28T15:02:31.477Z] ----------------------------------------------------------------------
[debug] 
[debug] [2024-11-28T15:02:31.483Z] > command requires scopes: ["email","openid","https://www.googleapis.com/auth/cloudplatformprojects.readonly","https://www.googleapis.com/auth/firebase","https://www.googleapis.com/auth/cloud-platform"]
[debug] [2024-11-28T15:02:31.484Z] > authorizing via signed-in user (thierrymarcoff@gmail.com)
[info] 
     ######## #### ########  ######## ########     ###     ######  ########
     ##        ##  ##     ## ##       ##     ##  ##   ##  ##       ##
     ######    ##  ########  ######   ########  #########  ######  ######
     ##        ##  ##    ##  ##       ##     ## ##     ##       ## ##
     ##       #### ##     ## ######## ########  ##     ##  ######  ########

You're about to initialize a Firebase project in this directory:

  D:\Downloads IFC\Ciência da computação\projeto_final_devWeb\ProjectFinalDevWebI

[info] 
=== Project Setup
[info] 
[info] First, let's associate this project directory with a Firebase project.
[info] You can create multiple project aliases by running firebase use --add, 
[info] but for now we'll just set up a default project.
[info] 
[debug] [2024-11-28T15:03:31.125Z] Checked if tokens are valid: true, expires at: 1732809656855
[debug] [2024-11-28T15:03:31.125Z] Checked if tokens are valid: true, expires at: 1732809656855
[debug] [2024-11-28T15:03:31.136Z] >>> [apiv2][query] GET https://firebase.googleapis.com/v1beta1/projects pageSize=100
[debug] [2024-11-28T15:03:31.889Z] <<< [apiv2][status] GET https://firebase.googleapis.com/v1beta1/projects 200
[debug] [2024-11-28T15:03:31.889Z] <<< [apiv2][body] GET https://firebase.googleapis.com/v1beta1/projects [omitted]
[info] i  Using project refeitorio-devweb (refeitorio devWeb) 
[info] 
=== Hosting Setup
[debug] [2024-11-28T15:03:36.056Z] Checked if tokens are valid: true, expires at: 1732809656855
[debug] [2024-11-28T15:03:36.057Z] Checked if tokens are valid: true, expires at: 1732809656855
[debug] [2024-11-28T15:03:36.057Z] >>> [apiv2][query] GET https://firebase.googleapis.com/v1beta1/projects/refeitorio-devweb [none]
[debug] [2024-11-28T15:03:36.544Z] <<< [apiv2][status] GET https://firebase.googleapis.com/v1beta1/projects/refeitorio-devweb 200
[debug] [2024-11-28T15:03:36.545Z] <<< [apiv2][body] GET https://firebase.googleapis.com/v1beta1/projects/refeitorio-devweb {"projectId":"refeitorio-devweb","projectNumber":"340306115667","displayName":"refeitorio devWeb","name":"projects/refeitorio-devweb","resources":{"hostingSite":"refeitorio-devweb"},"state":"ACTIVE","etag":"1_3af31054-5e4f-424b-8a2d-4d9534e6fa77"}
[info] 
[info] Your public directory is the folder (relative to your project directory) that
[info] will contain Hosting assets to be uploaded with firebase deploy. If you
[info] have a build process for your assets, use your build's output directory.
[info] 
[info] +  Wrote Yes/404.html 
[debug] [2024-11-28T15:06:38.556Z] >>> [apiv2][query] GET https://www.gstatic.com/firebasejs/releases.json [none]
[debug] [2024-11-28T15:06:38.694Z] <<< [apiv2][status] GET https://www.gstatic.com/firebasejs/releases.json 200
[debug] [2024-11-28T15:06:38.695Z] <<< [apiv2][body] GET https://www.gstatic.com/firebasejs/releases.json {"current":{"version":"11.0.2","browserURL":"https://www.gstatic.com/firebasejs/11.0.2/firebase.js","packageURL":"https://www.gstatic.com/firebasejs/11.0.2/firebase.tgz"},"live":{"version":"11.0","browserURL":"https://www.gstatic.com/firebasejs/live/11.0/firebase.js","packageURL":"https://www.gstatic.com/firebasejs/live/11.0/firebase.tgz"},"components":{"analytics":"https://www.gstatic.com/firebasejs/11.0.2/firebase-analytics.js","app":"https://www.gstatic.com/firebasejs/11.0.2/firebase-app.js","app-check":"https://www.gstatic.com/firebasejs/11.0.2/firebase-app-check.js","auth":"https://www.gstatic.com/firebasejs/11.0.2/firebase-auth.js","auth/cordova":"https://www.gstatic.com/firebasejs/11.0.2/firebase-auth/cordova.js","auth/web-extension":"https://www.gstatic.com/firebasejs/11.0.2/firebase-auth/web-extension.js","functions":"https://www.gstatic.com/firebasejs/11.0.2/firebase-functions.js","firestore":"https://www.gstatic.com/firebasejs/11.0.2/firebase-firestore.js","firestore/lite":"https://www.gstatic.com/firebasejs/11.0.2/firebase-firestore/lite.js","installations":"https://www.gstatic.com/firebasejs/11.0.2/firebase-installations.js","storage":"https://www.gstatic.com/firebasejs/11.0.2/firebase-storage.js","performance":"https://www.gstatic.com/firebasejs/11.0.2/firebase-performance.js","remote-config":"https://www.gstatic.com/firebasejs/11.0.2/firebase-remote-config.js","messaging":"https://www.gstatic.com/firebasejs/11.0.2/firebase-messaging.js","messaging/sw":"https://www.gstatic.com/firebasejs/11.0.2/firebase-messaging/sw.js","database":"https://www.gstatic.com/firebasejs/11.0.2/firebase-database.js","vertexai":"https://www.gstatic.com/firebasejs/11.0.2/firebase-vertexai.js","data-connect":"https://www.gstatic.com/firebasejs/11.0.2/firebase-data-connect.js","firestore.memory":"https://www.gstatic.com/firebasejs/11.0.2/firebase-firestore.memory.js"}}
[info] +  Wrote Yes/index.html 
[info] 
[info] i  Detected a .git folder at D:\Downloads IFC\Ciência da computação\projeto_final_devWeb\ProjectFinalDevWebI 
[info] i  Authorizing with GitHub to upload your service account to a GitHub repository's secrets store. 
[info] 
[info] Visit this URL on this device to log in:
[info] https://github.com/login/oauth/authorize?client_id=89cf50f02ac6aaed3484&state=42938005&redirect_uri=http%3A%2F%2Flocalhost%3A9005&scope=read%3Auser%20repo%20public_repo
[info] 
[info] Waiting for authentication...
[debug] [2024-11-28T15:06:59.116Z] >>> [apiv2][query] POST https://github.com/login/oauth/access_token [none]
[debug] [2024-11-28T15:06:59.116Z] >>> [apiv2][body] POST https://github.com/login/oauth/access_token [stream]
[debug] [2024-11-28T15:06:59.426Z] <<< [apiv2][status] POST https://github.com/login/oauth/access_token 200
[debug] [2024-11-28T15:06:59.426Z] <<< [apiv2][body] POST https://github.com/login/oauth/access_token {"access_token":"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","token_type":"bearer","scope":"read:user,repo"}
[debug] [2024-11-28T15:06:59.432Z] >>> [apiv2][query] GET https://api.github.com/user [none]
[debug] [2024-11-28T15:06:59.772Z] <<< [apiv2][status] GET https://api.github.com/user 200
[debug] [2024-11-28T15:06:59.772Z] <<< [apiv2][body] GET https://api.github.com/user {"login":"thierry-msm","id":125670181,"node_id":"U_kgDOB32TJQ","avatar_url":"https://avatars.githubusercontent.com/u/125670181?v=4","gravatar_id":"","url":"https://api.github.com/users/thierry-msm","html_url":"https://github.com/thierry-msm","followers_url":"https://api.github.com/users/thierry-msm/followers","following_url":"https://api.github.com/users/thierry-msm/following{/other_user}","gists_url":"https://api.github.com/users/thierry-msm/gists{/gist_id}","starred_url":"https://api.github.com/users/thierry-msm/starred{/owner}{/repo}","subscriptions_url":"https://api.github.com/users/thierry-msm/subscriptions","organizations_url":"https://api.github.com/users/thierry-msm/orgs","repos_url":"https://api.github.com/users/thierry-msm/repos","events_url":"https://api.github.com/users/thierry-msm/events{/privacy}","received_events_url":"https://api.github.com/users/thierry-msm/received_events","type":"User","user_view_type":"private","site_admin":false,"name":"Thierry Marcoff S. Machado","company":null,"blog":"","location":null,"email":null,"hireable":null,"bio":null,"twitter_username":null,"notification_email":null,"public_repos":9,"public_gists":0,"followers":0,"following":0,"created_at":"2023-02-17T13:49:44Z","updated_at":"2024-11-26T18:47:45Z","private_gists":0,"total_private_repos":2,"owned_private_repos":2,"disk_usage":1579,"collaborators":2,"two_factor_authentication":false,"plan":{"name":"free","space":976562499,"collaborators":0,"private_repos":10000}}
[info] 
[info] +  Success! Logged into GitHub as thierry-msm 
[info] 
[debug] [2024-11-28T15:08:32.212Z] >>> [apiv2][query] GET https://api.github.com/repos/ProjectFinalDevWebI/actions/secrets/public-key type=owner
[debug] [2024-11-28T15:08:32.549Z] <<< [apiv2][status] GET https://api.github.com/repos/ProjectFinalDevWebI/actions/secrets/public-key 404
[debug] [2024-11-28T15:08:32.549Z] <<< [apiv2][body] GET https://api.github.com/repos/ProjectFinalDevWebI/actions/secrets/public-key {"message":"Not Found","documentation_url":"https://docs.github.com/rest","status":"404"}
[info] 
[info] 
[error] !  The provided authorization cannot be used with this repository. If this repository is in an organization, did you remember to grant access? 
[info] 
[info] i  Action required: Visit this URL to ensure access has been granted to the appropriate organization(s) for the Firebase CLI GitHub OAuth App: 
[info] https://github.com/settings/connections/applications/89cf50f02ac6aaed3484
[info] 
[debug] [2024-11-28T15:09:27.795Z] >>> [apiv2][query] GET https://api.github.com/repos/ProjectFinalDevWebISet up automatic builds and deploys with GitHub?yes/actions/secrets/public-key type=owner
[debug] [2024-11-28T15:09:28.049Z] <<< [apiv2][status] GET https://api.github.com/repos/ProjectFinalDevWebISet up automatic builds and deploys with GitHub?yes/actions/secrets/public-key 404
[debug] [2024-11-28T15:09:28.049Z] <<< [apiv2][body] GET https://api.github.com/repos/ProjectFinalDevWebISet up automatic builds and deploys with GitHub?yes/actions/secrets/public-key {"message":"Not Found","documentation_url":"https://docs.github.com/rest","status":"404"}
[info] 
[info] 
[error] !  The provided authorization cannot be used with this repository. If this repository is in an organization, did you remember to grant access? 
[info] 
[info] i  Action required: Visit this URL to ensure access has been granted to the appropriate organization(s) for the Firebase CLI GitHub OAuth App: 
[info] https://github.com/settings/connections/applications/89cf50f02ac6aaed3484
[info] 
[debug] [2024-11-28T15:09:38.212Z] >>> [apiv2][query] GET https://api.github.com/repos/ProjectFinalDevWebISet up automatic builds and deploys with GitHub? Yes/actions/secrets/public-key type=owner
[debug] [2024-11-28T15:09:38.447Z] <<< [apiv2][status] GET https://api.github.com/repos/ProjectFinalDevWebISet up automatic builds and deploys with GitHub? Yes/actions/secrets/public-key 404
[debug] [2024-11-28T15:09:38.447Z] <<< [apiv2][body] GET https://api.github.com/repos/ProjectFinalDevWebISet up automatic builds and deploys with GitHub? Yes/actions/secrets/public-key {"message":"Not Found","documentation_url":"https://docs.github.com/rest","status":"404"}
[info] 
[info] 
[error] !  The provided authorization cannot be used with this repository. If this repository is in an organization, did you remember to grant access? 
[info] 
[info] i  Action required: Visit this URL to ensure access has been granted to the appropriate organization(s) for the Firebase CLI GitHub OAuth App: 
[info] https://github.com/settings/connections/applications/89cf50f02ac6aaed3484
[info] 
[debug] [2024-11-28T15:13:22.608Z] >>> [apiv2][query] GET https://api.github.com/repos/ProjectFinalDevWebISet up automatic builds and deploys with GitHub?  Yes/actions/secrets/public-key type=owner
[debug] [2024-11-28T15:13:22.863Z] <<< [apiv2][status] GET https://api.github.com/repos/ProjectFinalDevWebISet up automatic builds and deploys with GitHub?  Yes/actions/secrets/public-key 404
[debug] [2024-11-28T15:13:22.863Z] <<< [apiv2][body] GET https://api.github.com/repos/ProjectFinalDevWebISet up automatic builds and deploys with GitHub?  Yes/actions/secrets/public-key {"message":"Not Found","documentation_url":"https://docs.github.com/rest","status":"404"}
[info] 
[info] 
[error] !  The provided authorization cannot be used with this repository. If this repository is in an organization, did you remember to grant access? 
[info] 
[info] i  Action required: Visit this URL to ensure access has been granted to the appropriate organization(s) for the Firebase CLI GitHub OAuth App: 
[info] https://github.com/settings/connections/applications/89cf50f02ac6aaed3484
[info] 
[debug] [2024-11-28T15:13:34.822Z] >>> [apiv2][query] GET https://api.github.com/repos/ProjectFinalDevWebISet up automatic builds and deploys with GitHub?  Yes/actions/secrets/public-key type=owner
[debug] [2024-11-28T15:13:35.061Z] <<< [apiv2][status] GET https://api.github.com/repos/ProjectFinalDevWebISet up automatic builds and deploys with GitHub?  Yes/actions/secrets/public-key 404
[debug] [2024-11-28T15:13:35.061Z] <<< [apiv2][body] GET https://api.github.com/repos/ProjectFinalDevWebISet up automatic builds and deploys with GitHub?  Yes/actions/secrets/public-key {"message":"Not Found","documentation_url":"https://docs.github.com/rest","status":"404"}
[info] 
[info] 
[error] !  The provided authorization cannot be used with this repository. If this repository is in an organization, did you remember to grant access? 
[info] 
[info] i  Action required: Visit this URL to ensure access has been granted to the appropriate organization(s) for the Firebase CLI GitHub OAuth App: 
[info] https://github.com/settings/connections/applications/89cf50f02ac6aaed3484
[info] 
[debug] [2024-11-28T15:13:35.464Z] >>> [apiv2][query] GET https://api.github.com/repos/ProjectFinalDevWebISet up automatic builds and deploys with GitHub?  Yes/actions/secrets/public-key type=owner
[debug] [2024-11-28T15:13:35.733Z] <<< [apiv2][status] GET https://api.github.com/repos/ProjectFinalDevWebISet up automatic builds and deploys with GitHub?  Yes/actions/secrets/public-key 404
[debug] [2024-11-28T15:13:35.733Z] <<< [apiv2][body] GET https://api.github.com/repos/ProjectFinalDevWebISet up automatic builds and deploys with GitHub?  Yes/actions/secrets/public-key {"message":"Not Found","documentation_url":"https://docs.github.com/rest","status":"404"}
[info] 
[info] 
[error] !  The provided authorization cannot be used with this repository. If this repository is in an organization, did you remember to grant access? 
[info] 
[info] i  Action required: Visit this URL to ensure access has been granted to the appropriate organization(s) for the Firebase CLI GitHub OAuth App: 
[info] https://github.com/settings/connections/applications/89cf50f02ac6aaed3484
[info] 
[debug] [2024-11-28T15:13:36.176Z] >>> [apiv2][query] GET https://api.github.com/repos/ProjectFinalDevWebISet up automatic builds and deploys with GitHub?  Yes/actions/secrets/public-key type=owner
[debug] [2024-11-28T15:13:36.354Z] <<< [apiv2][status] GET https://api.github.com/repos/ProjectFinalDevWebISet up automatic builds and deploys with GitHub?  Yes/actions/secrets/public-key 404
[debug] [2024-11-28T15:13:36.354Z] <<< [apiv2][body] GET https://api.github.com/repos/ProjectFinalDevWebISet up automatic builds and deploys with GitHub?  Yes/actions/secrets/public-key {"message":"Not Found","documentation_url":"https://docs.github.com/rest","status":"404"}
[info] 
[info] 
[error] !  The provided authorization cannot be used with this repository. If this repository is in an organization, did you remember to grant access? 
[info] 
[info] i  Action required: Visit this URL to ensure access has been granted to the appropriate organization(s) for the Firebase CLI GitHub OAuth App: 
[info] https://github.com/settings/connections/applications/89cf50f02ac6aaed3484
[info] 
[debug] [2024-11-28T15:18:36.098Z] >>> [apiv2][query] GET https://api.github.com/repos/ProjectFinalDevWebISet up automatic builds and deploys with GitHub?    yes/actions/secrets/public-key type=owner
[debug] [2024-11-28T15:18:36.343Z] <<< [apiv2][status] GET https://api.github.com/repos/ProjectFinalDevWebISet up automatic builds and deploys with GitHub?    yes/actions/secrets/public-key 404
[debug] [2024-11-28T15:18:36.343Z] <<< [apiv2][body] GET https://api.github.com/repos/ProjectFinalDevWebISet up automatic builds and deploys with GitHub?    yes/actions/secrets/public-key {"message":"Not Found","documentation_url":"https://docs.github.com/rest","status":"404"}
[info] 
[info] 
[error] !  The provided authorization cannot be used with this repository. If this repository is in an organization, did you remember to grant access? 
[info] 
[info] i  Action required: Visit this URL to ensure access has been granted to the appropriate organization(s) for the Firebase CLI GitHub OAuth App: 
[info] https://github.com/settings/connections/applications/89cf50f02ac6aaed3484
[info] 
[debug] [2024-11-28T15:21:31.447Z] >>> [apiv2][query] GET https://api.github.com/repos/ProjectFinalDevWebISet up automatic builds and deploys with GitHub?    thierry-msm/ProjectFinalDevWebI/actions/secrets/public-key type=owner
[debug] [2024-11-28T15:21:32.665Z] <<< [apiv2][status] GET https://api.github.com/repos/ProjectFinalDevWebISet up automatic builds and deploys with GitHub?    thierry-msm/ProjectFinalDevWebI/actions/secrets/public-key 404
[debug] [2024-11-28T15:21:32.666Z] <<< [apiv2][body] GET https://api.github.com/repos/ProjectFinalDevWebISet up automatic builds and deploys with GitHub?    thierry-msm/ProjectFinalDevWebI/actions/secrets/public-key {"message":"Not Found","documentation_url":"https://docs.github.com/rest","status":"404"}
[info] 
[info] 
[error] !  The provided authorization cannot be used with this repository. If this repository is in an organization, did you remember to grant access? 
[info] 
[info] i  Action required: Visit this URL to ensure access has been granted to the appropriate organization(s) for the Firebase CLI GitHub OAuth App: 
[info] https://github.com/settings/connections/applications/89cf50f02ac6aaed3484
[info] 
[debug] [2024-11-28T15:32:18.951Z] >>> [apiv2][query] GET https://api.github.com/repos//actions/secrets/public-key type=owner
[debug] [2024-11-28T15:32:19.209Z] <<< [apiv2][status] GET https://api.github.com/repos//actions/secrets/public-key 404
[debug] [2024-11-28T15:32:19.209Z] <<< [apiv2][body] GET https://api.github.com/repos//actions/secrets/public-key {"message":"Not Found","documentation_url":"https://docs.github.com/rest","status":"404"}
[info] 
[info] 
[error] !  The provided authorization cannot be used with this repository. If this repository is in an organization, did you remember to grant access? 
[info] 
[info] i  Action required: Visit this URL to ensure access has been granted to the appropriate organization(s) for the Firebase CLI GitHub OAuth App: 
[info] https://github.com/settings/connections/applications/89cf50f02ac6aaed3484
[info] 
[debug] [2024-11-28T15:32:34.231Z] >>> [apiv2][query] GET https://api.github.com/repos/thierry-msm/ProjectFinalDevWebI/actions/secrets/public-key type=owner
[debug] [2024-11-28T15:32:34.483Z] <<< [apiv2][status] GET https://api.github.com/repos/thierry-msm/ProjectFinalDevWebI/actions/secrets/public-key 404
[debug] [2024-11-28T15:32:34.483Z] <<< [apiv2][body] GET https://api.github.com/repos/thierry-msm/ProjectFinalDevWebI/actions/secrets/public-key {"message":"Not Found","documentation_url":"https://docs.github.com/rest/actions/secrets#get-a-repository-public-key","status":"404"}
[info] 
[info] 
[error] !  The provided authorization cannot be used with this repository. If this repository is in an organization, did you remember to grant access? 
[info] 
[info] i  Action required: Visit this URL to ensure access has been granted to the appropriate organization(s) for the Firebase CLI GitHub OAuth App: 
[info] https://github.com/settings/connections/applications/89cf50f02ac6aaed3484
[info] 
